# JRE version: Java(TM) SE Runtime Environment (8.0-b132) (build 1.8.0-b132)
# Java VM: Java HotSpot(TM) 64-Bit Server VM (25.0-b70 mixed mode bsd-amd64 compressed oops)
Heap:
 PSYoungGen      total 14336K, used 2578K [0x00000007aab00000, 0x00000007ac180000, 0x00000007c0000000)
  eden space 11776K, 15% used [0x00000007aab00000,0x00000007aacd3ee8,0x00000007ab680000)
  from space 2560K, 27% used [0x00000007ab680000,0x00000007ab7309a8,0x00000007ab900000)
  to   space 2048K, 0% used [0x00000007abf80000,0x00000007abf80000,0x00000007ac180000)
 ParOldGen       total 64000K, used 10280K [0x0000000780000000, 0x0000000783e80000, 0x00000007aab00000)
  object space 64000K, 16% used [0x0000000780000000,0x0000000780a0a048,0x0000000783e80000)
 Metaspace       used 15325K, capacity 15558K, committed 15744K, reserved 1062912K
  class space    used 2270K, capacity 2328K, committed 2432K, reserved 1048576K
GC Heap History (10 events):
Event: 0.614 GC heap before
{Heap before GC invocations=7 (full 0):
 PSYoungGen      total 5120K, used 4880K [0x00000007aab00000, 0x00000007ab100000, 0x00000007c0000000)
  eden space 4096K, 100% used [0x00000007aab00000,0x00000007aaf00000,0x00000007aaf00000)
  from space 1024K, 76% used [0x00000007ab000000,0x00000007ab0c4020,0x00000007ab100000)
  to   space 1024K, 0% used [0x00000007aaf00000,0x00000007aaf00000,0x00000007ab000000)
 ParOldGen       total 64000K, used 384K [0x0000000780000000, 0x0000000783e80000, 0x00000007aab00000)
  object space 64000K, 0% used [0x0000000780000000,0x0000000780060000,0x0000000783e80000)
 Metaspace       used 7519K, capacity 7946K, committed 8064K, reserved 1056768K
  class space    used 952K, capacity 1040K, committed 1152K, reserved 1048576K
Event: 0.617 GC heap after
Heap after GC invocations=7 (full 0):
 PSYoungGen      total 5120K, used 992K [0x00000007aab00000, 0x00000007ab600000, 0x00000007c0000000)
  eden space 4096K, 0% used [0x00000007aab00000,0x00000007aab00000,0x00000007aaf00000)
  from space 1024K, 96% used [0x00000007aaf00000,0x00000007aaff8010,0x00000007ab000000)
  to   space 1536K, 0% used [0x00000007ab480000,0x00000007ab480000,0x00000007ab600000)
 ParOldGen       total 64000K, used 1420K [0x0000000780000000, 0x0000000783e80000, 0x00000007aab00000)
  object space 64000K, 2% used [0x0000000780000000,0x00000007801632e0,0x0000000783e80000)
 Metaspace       used 7519K, capacity 7946K, committed 8064K, reserved 1056768K
  class space    used 952K, capacity 1040K, committed 1152K, reserved 1048576K
}
Event: 0.716 GC heap before
{Heap before GC invocations=8 (full 0):
 PSYoungGen      total 5120K, used 5088K [0x00000007aab00000, 0x00000007ab600000, 0x00000007c0000000)
  eden space 4096K, 100% used [0x00000007aab00000,0x00000007aaf00000,0x00000007aaf00000)
  from space 1024K, 96% used [0x00000007aaf00000,0x00000007aaff8010,0x00000007ab000000)
  to   space 1536K, 0% used [0x00000007ab480000,0x00000007ab480000,0x00000007ab600000)
 ParOldGen       total 64000K, used 1420K [0x0000000780000000, 0x0000000783e80000, 0x00000007aab00000)
  object space 64000K, 2% used [0x0000000780000000,0x00000007801632e0,0x0000000783e80000)
 Metaspace       used 9459K, capacity 9594K, committed 9856K, reserved 1058816K
  class space    used 1342K, capacity 1392K, committed 1408K, reserved 1048576K
Event: 0.719 GC heap after
Heap after GC invocations=8 (full 0):
 PSYoungGen      total 9216K, used 1248K [0x00000007aab00000, 0x00000007ab700000, 0x00000007c0000000)
  eden space 7680K, 0% used [0x00000007aab00000,0x00000007aab00000,0x00000007ab280000)
  from space 1536K, 81% used [0x00000007ab480000,0x00000007ab5b8010,0x00000007ab600000)
  to   space 2048K, 0% used [0x00000007ab280000,0x00000007ab280000,0x00000007ab480000)
 ParOldGen       total 64000K, used 1556K [0x0000000780000000, 0x0000000783e80000, 0x00000007aab00000)
  object space 64000K, 2% used [0x0000000780000000,0x00000007801852e0,0x0000000783e80000)
 Metaspace       used 9459K, capacity 9594K, committed 9856K, reserved 1058816K
  class space    used 1342K, capacity 1392K, committed 1408K, reserved 1048576K
}
Event: 1.129 GC heap before
{Heap before GC invocations=9 (full 0):
 PSYoungGen      total 9216K, used 8928K [0x00000007aab00000, 0x00000007ab700000, 0x00000007c0000000)
  eden space 7680K, 100% used [0x00000007aab00000,0x00000007ab280000,0x00000007ab280000)
  from space 1536K, 81% used [0x00000007ab480000,0x00000007ab5b8010,0x00000007ab600000)
  to   space 2048K, 0% used [0x00000007ab280000,0x00000007ab280000,0x00000007ab480000)
 ParOldGen       total 64000K, used 1556K [0x0000000780000000, 0x0000000783e80000, 0x00000007aab00000)
  object space 64000K, 2% used [0x0000000780000000,0x00000007801852e0,0x0000000783e80000)
 Metaspace       used 11825K, capacity 12038K, committed 12160K, reserved 1058816K
  class space    used 1808K, capacity 1880K, committed 1920K, reserved 1048576K
Event: 1.132 GC heap after
Heap after GC invocations=9 (full 0):
 PSYoungGen      total 9728K, used 1536K [0x00000007aab00000, 0x00000007abb00000, 0x00000007c0000000)
  eden space 7680K, 0% used [0x00000007aab00000,0x00000007aab00000,0x00000007ab280000)
  from space 2048K, 75% used [0x00000007ab280000,0x00000007ab400000,0x00000007ab480000)
  to   space 2048K, 0% used [0x00000007ab900000,0x00000007ab900000,0x00000007abb00000)
 ParOldGen       total 64000K, used 1820K [0x0000000780000000, 0x0000000783e80000, 0x00000007aab00000)
  object space 64000K, 2% used [0x0000000780000000,0x00000007801c72f0,0x0000000783e80000)
 Metaspace       used 11825K, capacity 12038K, committed 12160K, reserved 1058816K
  class space    used 1808K, capacity 1880K, committed 1920K, reserved 1048576K
}
Event: 1.604 GC heap before
{Heap before GC invocations=10 (full 0):
 PSYoungGen      total 9728K, used 7412K [0x00000007aab00000, 0x00000007abb00000, 0x00000007c0000000)
  eden space 7680K, 76% used [0x00000007aab00000,0x00000007ab0bd070,0x00000007ab280000)
  from space 2048K, 75% used [0x00000007ab280000,0x00000007ab400000,0x00000007ab480000)
  to   space 2048K, 0% used [0x00000007ab900000,0x00000007ab900000,0x00000007abb00000)
 ParOldGen       total 64000K, used 1820K [0x0000000780000000, 0x0000000783e80000, 0x00000007aab00000)
  object space 64000K, 2% used [0x0000000780000000,0x00000007801c72f0,0x0000000783e80000)
 Metaspace       used 13692K, capacity 13862K, committed 13952K, reserved 1060864K
  class space    used 2120K, capacity 2168K, committed 2176K, reserved 1048576K
Event: 1.610 GC heap after
Heap after GC invocations=10 (full 0):
 PSYoungGen      total 13824K, used 1810K [0x00000007aab00000, 0x00000007abc00000, 0x00000007c0000000)
  eden space 11776K, 0% used [0x00000007aab00000,0x00000007aab00000,0x00000007ab680000)
  from space 2048K, 88% used [0x00000007ab900000,0x00000007abac4a80,0x00000007abb00000)
  to   space 2560K, 0% used [0x00000007ab680000,0x00000007ab680000,0x00000007ab900000)
 ParOldGen       total 64000K, used 2688K [0x0000000780000000, 0x0000000783e80000, 0x00000007aab00000)
  object space 64000K, 4% used [0x0000000780000000,0x00000007802a0300,0x0000000783e80000)
 Metaspace       used 13692K, capacity 13862K, committed 13952K, reserved 1060864K
  class space    used 2120K, capacity 2168K, committed 2176K, reserved 1048576K
}
Event: 30.212 GC heap before
{Heap before GC invocations=11 (full 0):
 PSYoungGen      total 13824K, used 13586K [0x00000007aab00000, 0x00000007abc00000, 0x00000007c0000000)
  eden space 11776K, 100% used [0x00000007aab00000,0x00000007ab680000,0x00000007ab680000)
  from space 2048K, 88% used [0x00000007ab900000,0x00000007abac4a80,0x00000007abb00000)
  to   space 2560K, 0% used [0x00000007ab680000,0x00000007ab680000,0x00000007ab900000)
 ParOldGen       total 64000K, used 2688K [0x0000000780000000, 0x0000000783e80000, 0x00000007aab00000)
  object space 64000K, 4% used [0x0000000780000000,0x00000007802a0300,0x0000000783e80000)
 Metaspace       used 15208K, capacity 15430K, committed 15744K, reserved 1062912K
  class space    used 2267K, capacity 2328K, committed 2432K, reserved 1048576K
Event: 30.231 GC heap after
Heap after GC invocations=11 (full 0):
 PSYoungGen      total 14336K, used 706K [0x00000007aab00000, 0x00000007ac180000, 0x00000007c0000000)
  eden space 11776K, 0% used [0x00000007aab00000,0x00000007aab00000,0x00000007ab680000)
  from space 2560K, 27% used [0x00000007ab680000,0x00000007ab7309a8,0x00000007ab900000)
  to   space 2048K, 0% used [0x00000007abf80000,0x00000007abf80000,0x00000007ac180000)
 ParOldGen       total 64000K, used 10280K [0x0000000780000000, 0x0000000783e80000, 0x00000007aab00000)
  object space 64000K, 16% used [0x0000000780000000,0x0000000780a0a048,0x0000000783e80000)
 Metaspace       used 15208K, capacity 15430K, committed 15744K, reserved 1062912K
  class space    used 2267K, capacity 2328K, committed 2432K, reserved 1048576K
}

