# JRE version: Java(TM) SE Runtime Environment (8.0-b132) (build 1.8.0-b132)
# Java VM: Java HotSpot(TM) 64-Bit Server VM (25.0-b70 mixed mode bsd-amd64 compressed oops)
Heap:
 PSYoungGen      total 12288K, used 3237K [0x00000007aab00000, 0x00000007ab880000, 0x00000007c0000000)
  eden space 10752K, 18% used [0x00000007aab00000,0x00000007aace9780,0x00000007ab580000)
  from space 1536K, 83% used [0x00000007ab700000,0x00000007ab840000,0x00000007ab880000)
  to   space 1536K, 0% used [0x00000007ab580000,0x00000007ab580000,0x00000007ab700000)
 ParOldGen       total 64000K, used 3222K [0x0000000780000000, 0x0000000783e80000, 0x00000007aab00000)
  object space 64000K, 5% used [0x0000000780000000,0x00000007803258a0,0x0000000783e80000)
 Metaspace       used 13627K, capacity 13790K, committed 13952K, reserved 1060864K
  class space    used 2105K, capacity 2168K, committed 2176K, reserved 1048576K
GC Heap History (10 events):
Event: 0.821 GC heap before
{Heap before GC invocations=8 (full 0):
 PSYoungGen      total 3072K, used 2400K [0x00000007aab00000, 0x00000007ab100000, 0x00000007c0000000)
  eden space 2048K, 100% used [0x00000007aab00000,0x00000007aad00000,0x00000007aad00000)
  from space 1024K, 34% used [0x00000007aad00000,0x00000007aad58000,0x00000007aae00000)
  to   space 1024K, 0% used [0x00000007ab000000,0x00000007ab000000,0x00000007ab100000)
 ParOldGen       total 64000K, used 624K [0x0000000780000000, 0x0000000783e80000, 0x00000007aab00000)
  object space 64000K, 0% used [0x0000000780000000,0x000000078009c050,0x0000000783e80000)
 Metaspace       used 6222K, capacity 7442K, committed 7552K, reserved 1056768K
  class space    used 770K, capacity 838K, committed 896K, reserved 1048576K
Event: 0.828 GC heap after
Heap after GC invocations=8 (full 0):
 PSYoungGen      total 5120K, used 896K [0x00000007aab00000, 0x00000007ab100000, 0x00000007c0000000)
  eden space 4096K, 0% used [0x00000007aab00000,0x00000007aab00000,0x00000007aaf00000)
  from space 1024K, 87% used [0x00000007ab000000,0x00000007ab0e0020,0x00000007ab100000)
  to   space 1024K, 0% used [0x00000007aaf00000,0x00000007aaf00000,0x00000007ab000000)
 ParOldGen       total 64000K, used 728K [0x0000000780000000, 0x0000000783e80000, 0x00000007aab00000)
  object space 64000K, 1% used [0x0000000780000000,0x00000007800b6050,0x0000000783e80000)
 Metaspace       used 6222K, capacity 7442K, committed 7552K, reserved 1056768K
  class space    used 770K, capacity 838K, committed 896K, reserved 1048576K
}
Event: 1.074 GC heap before
{Heap before GC invocations=9 (full 0):
 PSYoungGen      total 5120K, used 4992K [0x00000007aab00000, 0x00000007ab100000, 0x00000007c0000000)
  eden space 4096K, 100% used [0x00000007aab00000,0x00000007aaf00000,0x00000007aaf00000)
  from space 1024K, 87% used [0x00000007ab000000,0x00000007ab0e0020,0x00000007ab100000)
  to   space 1024K, 0% used [0x00000007aaf00000,0x00000007aaf00000,0x00000007ab000000)
 ParOldGen       total 64000K, used 728K [0x0000000780000000, 0x0000000783e80000, 0x00000007aab00000)
  object space 64000K, 1% used [0x0000000780000000,0x00000007800b6050,0x0000000783e80000)
 Metaspace       used 8014K, capacity 8354K, committed 8576K, reserved 1056768K
  class space    used 1058K, capacity 1136K, committed 1152K, reserved 1048576K
Event: 1.077 GC heap after
Heap after GC invocations=9 (full 0):
 PSYoungGen      total 5120K, used 992K [0x00000007aab00000, 0x00000007ab480000, 0x00000007c0000000)
  eden space 4096K, 0% used [0x00000007aab00000,0x00000007aab00000,0x00000007aaf00000)
  from space 1024K, 96% used [0x00000007aaf00000,0x00000007aaff8020,0x00000007ab000000)
  to   space 1536K, 0% used [0x00000007ab300000,0x00000007ab300000,0x00000007ab480000)
 ParOldGen       total 64000K, used 1488K [0x0000000780000000, 0x0000000783e80000, 0x00000007aab00000)
  object space 64000K, 2% used [0x0000000780000000,0x0000000780174050,0x0000000783e80000)
 Metaspace       used 8014K, capacity 8354K, committed 8576K, reserved 1056768K
  class space    used 1058K, capacity 1136K, committed 1152K, reserved 1048576K
}
Event: 1.260 GC heap before
{Heap before GC invocations=10 (full 0):
 PSYoungGen      total 5120K, used 5088K [0x00000007aab00000, 0x00000007ab480000, 0x00000007c0000000)
  eden space 4096K, 100% used [0x00000007aab00000,0x00000007aaf00000,0x00000007aaf00000)
  from space 1024K, 96% used [0x00000007aaf00000,0x00000007aaff8020,0x00000007ab000000)
  to   space 1536K, 0% used [0x00000007ab300000,0x00000007ab300000,0x00000007ab480000)
 ParOldGen       total 64000K, used 1488K [0x0000000780000000, 0x0000000783e80000, 0x00000007aab00000)
  object space 64000K, 2% used [0x0000000780000000,0x0000000780174050,0x0000000783e80000)
 Metaspace       used 9439K, capacity 9698K, committed 9856K, reserved 1058816K
  class space    used 1352K, capacity 1392K, committed 1408K, reserved 1048576K
Event: 1.266 GC heap after
Heap after GC invocations=10 (full 0):
 PSYoungGen      total 8192K, used 768K [0x00000007aab00000, 0x00000007ab480000, 0x00000007c0000000)
  eden space 6656K, 0% used [0x00000007aab00000,0x00000007aab00000,0x00000007ab180000)
  from space 1536K, 50% used [0x00000007ab300000,0x00000007ab3c0000,0x00000007ab480000)
  to   space 1536K, 0% used [0x00000007ab180000,0x00000007ab180000,0x00000007ab300000)
 ParOldGen       total 64000K, used 2176K [0x0000000780000000, 0x0000000783e80000, 0x00000007aab00000)
  object space 64000K, 3% used [0x0000000780000000,0x0000000780220070,0x0000000783e80000)
 Metaspace       used 9439K, capacity 9698K, committed 9856K, reserved 1058816K
  class space    used 1352K, capacity 1392K, committed 1408K, reserved 1048576K
}
Event: 1.624 GC heap before
{Heap before GC invocations=11 (full 0):
 PSYoungGen      total 8192K, used 7424K [0x00000007aab00000, 0x00000007ab480000, 0x00000007c0000000)
  eden space 6656K, 100% used [0x00000007aab00000,0x00000007ab180000,0x00000007ab180000)
  from space 1536K, 50% used [0x00000007ab300000,0x00000007ab3c0000,0x00000007ab480000)
  to   space 1536K, 0% used [0x00000007ab180000,0x00000007ab180000,0x00000007ab300000)
 ParOldGen       total 64000K, used 2176K [0x0000000780000000, 0x0000000783e80000, 0x00000007aab00000)
  object space 64000K, 3% used [0x0000000780000000,0x0000000780220070,0x0000000783e80000)
 Metaspace       used 11752K, capacity 12014K, committed 12160K, reserved 1058816K
  class space    used 1800K, capacity 1880K, committed 1920K, reserved 1048576K
Event: 1.628 GC heap after
Heap after GC invocations=11 (full 0):
 PSYoungGen      total 8192K, used 496K [0x00000007aab00000, 0x00000007ab880000, 0x00000007c0000000)
  eden space 6656K, 0% used [0x00000007aab00000,0x00000007aab00000,0x00000007ab180000)
  from space 1536K, 32% used [0x00000007ab180000,0x00000007ab1fc010,0x00000007ab300000)
  to   space 1536K, 0% used [0x00000007ab700000,0x00000007ab700000,0x00000007ab880000)
 ParOldGen       total 64000K, used 2804K [0x0000000780000000, 0x0000000783e80000, 0x00000007aab00000)
  object space 64000K, 4% used [0x0000000780000000,0x00000007802bd080,0x0000000783e80000)
 Metaspace       used 11752K, capacity 12014K, committed 12160K, reserved 1058816K
  class space    used 1800K, capacity 1880K, committed 1920K, reserved 1048576K
}
Event: 2.320 GC heap before
{Heap before GC invocations=12 (full 0):
 PSYoungGen      total 8192K, used 6165K [0x00000007aab00000, 0x00000007ab880000, 0x00000007c0000000)
  eden space 6656K, 85% used [0x00000007aab00000,0x00000007ab089488,0x00000007ab180000)
  from space 1536K, 32% used [0x00000007ab180000,0x00000007ab1fc010,0x00000007ab300000)
  to   space 1536K, 0% used [0x00000007ab700000,0x00000007ab700000,0x00000007ab880000)
 ParOldGen       total 64000K, used 2804K [0x0000000780000000, 0x0000000783e80000, 0x00000007aab00000)
  object space 64000K, 4% used [0x0000000780000000,0x00000007802bd080,0x0000000783e80000)
 Metaspace       used 13542K, capacity 13726K, committed 13952K, reserved 1060864K
  class space    used 2094K, capacity 2168K, committed 2176K, reserved 1048576K
Event: 2.334 GC heap after
Heap after GC invocations=12 (full 0):
 PSYoungGen      total 12288K, used 1280K [0x00000007aab00000, 0x00000007ab880000, 0x00000007c0000000)
  eden space 10752K, 0% used [0x00000007aab00000,0x00000007aab00000,0x00000007ab580000)
  from space 1536K, 83% used [0x00000007ab700000,0x00000007ab840000,0x00000007ab880000)
  to   space 1536K, 0% used [0x00000007ab580000,0x00000007ab580000,0x00000007ab700000)
 ParOldGen       total 64000K, used 3222K [0x0000000780000000, 0x0000000783e80000, 0x00000007aab00000)
  object space 64000K, 5% used [0x0000000780000000,0x00000007803258a0,0x0000000783e80000)
 Metaspace       used 13542K, capacity 13726K, committed 13952K, reserved 1060864K
  class space    used 2094K, capacity 2168K, committed 2176K, reserved 1048576K
}

