# JRE version: Java(TM) SE Runtime Environment (8.0-b132) (build 1.8.0-b132)
# Java VM: Java HotSpot(TM) 64-Bit Server VM (25.0-b70 mixed mode bsd-amd64 compressed oops)
Heap:
 PSYoungGen      total 14336K, used 2814K [0x00000007aab00000, 0x00000007ac280000, 0x00000007c0000000)
  eden space 11776K, 4% used [0x00000007aab00000,0x00000007aab87ba8,0x00000007ab680000)
  from space 2560K, 88% used [0x00000007ab680000,0x00000007ab8b8010,0x00000007ab900000)
  to   space 2560K, 0% used [0x00000007ac000000,0x00000007ac000000,0x00000007ac280000)
 ParOldGen       total 64000K, used 6433K [0x0000000780000000, 0x0000000783e80000, 0x00000007aab00000)
  object space 64000K, 10% used [0x0000000780000000,0x0000000780648470,0x0000000783e80000)
 Metaspace       used 14823K, capacity 15046K, committed 15360K, reserved 1062912K
  class space    used 2211K, capacity 2264K, committed 2304K, reserved 1048576K
GC Heap History (10 events):
Event: 0.607 GC heap before
{Heap before GC invocations=7 (full 0):
 PSYoungGen      total 5120K, used 4800K [0x00000007aab00000, 0x00000007ab100000, 0x00000007c0000000)
  eden space 4096K, 100% used [0x00000007aab00000,0x00000007aaf00000,0x00000007aaf00000)
  from space 1024K, 68% used [0x00000007ab000000,0x00000007ab0b0010,0x00000007ab100000)
  to   space 1024K, 0% used [0x00000007aaf00000,0x00000007aaf00000,0x00000007ab000000)
 ParOldGen       total 64000K, used 408K [0x0000000780000000, 0x0000000783e80000, 0x00000007aab00000)
  object space 64000K, 0% used [0x0000000780000000,0x0000000780066000,0x0000000783e80000)
 Metaspace       used 7508K, capacity 7946K, committed 8064K, reserved 1056768K
  class space    used 951K, capacity 1040K, committed 1152K, reserved 1048576K
Event: 0.610 GC heap after
Heap after GC invocations=7 (full 0):
 PSYoungGen      total 5120K, used 992K [0x00000007aab00000, 0x00000007ab600000, 0x00000007c0000000)
  eden space 4096K, 0% used [0x00000007aab00000,0x00000007aab00000,0x00000007aaf00000)
  from space 1024K, 96% used [0x00000007aaf00000,0x00000007aaff8020,0x00000007ab000000)
  to   space 1536K, 0% used [0x00000007ab480000,0x00000007ab480000,0x00000007ab600000)
 ParOldGen       total 64000K, used 1425K [0x0000000780000000, 0x0000000783e80000, 0x00000007aab00000)
  object space 64000K, 2% used [0x0000000780000000,0x0000000780164640,0x0000000783e80000)
 Metaspace       used 7508K, capacity 7946K, committed 8064K, reserved 1056768K
  class space    used 951K, capacity 1040K, committed 1152K, reserved 1048576K
}
Event: 0.713 GC heap before
{Heap before GC invocations=8 (full 0):
 PSYoungGen      total 5120K, used 5088K [0x00000007aab00000, 0x00000007ab600000, 0x00000007c0000000)
  eden space 4096K, 100% used [0x00000007aab00000,0x00000007aaf00000,0x00000007aaf00000)
  from space 1024K, 96% used [0x00000007aaf00000,0x00000007aaff8020,0x00000007ab000000)
  to   space 1536K, 0% used [0x00000007ab480000,0x00000007ab480000,0x00000007ab600000)
 ParOldGen       total 64000K, used 1425K [0x0000000780000000, 0x0000000783e80000, 0x00000007aab00000)
  object space 64000K, 2% used [0x0000000780000000,0x0000000780164640,0x0000000783e80000)
 Metaspace       used 9453K, capacity 9594K, committed 9856K, reserved 1058816K
  class space    used 1342K, capacity 1392K, committed 1408K, reserved 1048576K
Event: 0.715 GC heap after
Heap after GC invocations=8 (full 0):
 PSYoungGen      total 9216K, used 1312K [0x00000007aab00000, 0x00000007ab700000, 0x00000007c0000000)
  eden space 7680K, 0% used [0x00000007aab00000,0x00000007aab00000,0x00000007ab280000)
  from space 1536K, 85% used [0x00000007ab480000,0x00000007ab5c8020,0x00000007ab600000)
  to   space 2048K, 0% used [0x00000007ab280000,0x00000007ab280000,0x00000007ab480000)
 ParOldGen       total 64000K, used 1497K [0x0000000780000000, 0x0000000783e80000, 0x00000007aab00000)
  object space 64000K, 2% used [0x0000000780000000,0x0000000780176640,0x0000000783e80000)
 Metaspace       used 9453K, capacity 9594K, committed 9856K, reserved 1058816K
  class space    used 1342K, capacity 1392K, committed 1408K, reserved 1048576K
}
Event: 1.068 GC heap before
{Heap before GC invocations=9 (full 0):
 PSYoungGen      total 9216K, used 8992K [0x00000007aab00000, 0x00000007ab700000, 0x00000007c0000000)
  eden space 7680K, 100% used [0x00000007aab00000,0x00000007ab280000,0x00000007ab280000)
  from space 1536K, 85% used [0x00000007ab480000,0x00000007ab5c8020,0x00000007ab600000)
  to   space 2048K, 0% used [0x00000007ab280000,0x00000007ab280000,0x00000007ab480000)
 ParOldGen       total 64000K, used 1497K [0x0000000780000000, 0x0000000783e80000, 0x00000007aab00000)
  object space 64000K, 2% used [0x0000000780000000,0x0000000780176640,0x0000000783e80000)
 Metaspace       used 11805K, capacity 11974K, committed 12160K, reserved 1058816K
  class space    used 1804K, capacity 1880K, committed 1920K, reserved 1048576K
Event: 1.071 GC heap after
Heap after GC invocations=9 (full 0):
 PSYoungGen      total 9728K, used 1632K [0x00000007aab00000, 0x00000007abb00000, 0x00000007c0000000)
  eden space 7680K, 0% used [0x00000007aab00000,0x00000007aab00000,0x00000007ab280000)
  from space 2048K, 79% used [0x00000007ab280000,0x00000007ab418010,0x00000007ab480000)
  to   space 2048K, 0% used [0x00000007ab900000,0x00000007ab900000,0x00000007abb00000)
 ParOldGen       total 64000K, used 1713K [0x0000000780000000, 0x0000000783e80000, 0x00000007aab00000)
  object space 64000K, 2% used [0x0000000780000000,0x00000007801ac650,0x0000000783e80000)
 Metaspace       used 11805K, capacity 11974K, committed 12160K, reserved 1058816K
  class space    used 1804K, capacity 1880K, committed 1920K, reserved 1048576K
}
Event: 1.576 GC heap before
{Heap before GC invocations=10 (full 0):
 PSYoungGen      total 9728K, used 9227K [0x00000007aab00000, 0x00000007abb00000, 0x00000007c0000000)
  eden space 7680K, 98% used [0x00000007aab00000,0x00000007ab26adb8,0x00000007ab280000)
  from space 2048K, 79% used [0x00000007ab280000,0x00000007ab418010,0x00000007ab480000)
  to   space 2048K, 0% used [0x00000007ab900000,0x00000007ab900000,0x00000007abb00000)
 ParOldGen       total 64000K, used 1713K [0x0000000780000000, 0x0000000783e80000, 0x00000007aab00000)
  object space 64000K, 2% used [0x0000000780000000,0x00000007801ac650,0x0000000783e80000)
 Metaspace       used 13727K, capacity 13958K, committed 14336K, reserved 1060864K
  class space    used 2126K, capacity 2200K, committed 2304K, reserved 1048576K
Event: 1.581 GC heap after
Heap after GC invocations=10 (full 0):
 PSYoungGen      total 13824K, used 1808K [0x00000007aab00000, 0x00000007abc00000, 0x00000007c0000000)
  eden space 11776K, 0% used [0x00000007aab00000,0x00000007aab00000,0x00000007ab680000)
  from space 2048K, 88% used [0x00000007ab900000,0x00000007abac4010,0x00000007abb00000)
  to   space 2560K, 0% used [0x00000007ab680000,0x00000007ab680000,0x00000007ab900000)
 ParOldGen       total 64000K, used 2686K [0x0000000780000000, 0x0000000783e80000, 0x00000007aab00000)
  object space 64000K, 4% used [0x0000000780000000,0x000000078029f8e0,0x0000000783e80000)
 Metaspace       used 13727K, capacity 13958K, committed 14336K, reserved 1060864K
  class space    used 2126K, capacity 2200K, committed 2304K, reserved 1048576K
}
Event: 280.031 GC heap before
{Heap before GC invocations=11 (full 0):
 PSYoungGen      total 13824K, used 13584K [0x00000007aab00000, 0x00000007abc00000, 0x00000007c0000000)
  eden space 11776K, 100% used [0x00000007aab00000,0x00000007ab680000,0x00000007ab680000)
  from space 2048K, 88% used [0x00000007ab900000,0x00000007abac4010,0x00000007abb00000)
  to   space 2560K, 0% used [0x00000007ab680000,0x00000007ab680000,0x00000007ab900000)
 ParOldGen       total 64000K, used 2686K [0x0000000780000000, 0x0000000783e80000, 0x00000007aab00000)
  object space 64000K, 4% used [0x0000000780000000,0x000000078029f8e0,0x0000000783e80000)
 Metaspace       used 14794K, capacity 14918K, committed 15104K, reserved 1062912K
  class space    used 2205K, capacity 2264K, committed 2304K, reserved 1048576K
Event: 280.040 GC heap after
Heap after GC invocations=11 (full 0):
 PSYoungGen      total 14336K, used 2272K [0x00000007aab00000, 0x00000007ac280000, 0x00000007c0000000)
  eden space 11776K, 0% used [0x00000007aab00000,0x00000007aab00000,0x00000007ab680000)
  from space 2560K, 88% used [0x00000007ab680000,0x00000007ab8b8010,0x00000007ab900000)
  to   space 2560K, 0% used [0x00000007ac000000,0x00000007ac000000,0x00000007ac280000)
 ParOldGen       total 64000K, used 6433K [0x0000000780000000, 0x0000000783e80000, 0x00000007aab00000)
  object space 64000K, 10% used [0x0000000780000000,0x0000000780648470,0x0000000783e80000)
 Metaspace       used 14794K, capacity 14918K, committed 15104K, reserved 1062912K
  class space    used 2205K, capacity 2264K, committed 2304K, reserved 1048576K
}

